K 25
svn:wc:ra_dav:version-url
V 92
/svn/CMPT373-test/!svn/ver/189/CMPT373-Robot/trunk/lib/org/junit/tests/experimental/theories
END
AllMembersSupplierTest.class
K 25
svn:wc:ra_dav:version-url
V 121
/svn/CMPT373-test/!svn/ver/189/CMPT373-Robot/trunk/lib/org/junit/tests/experimental/theories/AllMembersSupplierTest.class
END
AllMembersSupplierTest$HasDataPoints.class
K 25
svn:wc:ra_dav:version-url
V 135
/svn/CMPT373-test/!svn/ver/189/CMPT373-Robot/trunk/lib/org/junit/tests/experimental/theories/AllMembersSupplierTest$HasDataPoints.class
END
ParameterizedAssertionErrorTest$1.class
K 25
svn:wc:ra_dav:version-url
V 132
/svn/CMPT373-test/!svn/ver/189/CMPT373-Robot/trunk/lib/org/junit/tests/experimental/theories/ParameterizedAssertionErrorTest$1.class
END
AllMembersSupplierTest.java
K 25
svn:wc:ra_dav:version-url
V 120
/svn/CMPT373-test/!svn/ver/189/CMPT373-Robot/trunk/lib/org/junit/tests/experimental/theories/AllMembersSupplierTest.java
END
ParameterizedAssertionErrorTest.class
K 25
svn:wc:ra_dav:version-url
V 130
/svn/CMPT373-test/!svn/ver/189/CMPT373-Robot/trunk/lib/org/junit/tests/experimental/theories/ParameterizedAssertionErrorTest.class
END
ParameterSignatureTest.class
K 25
svn:wc:ra_dav:version-url
V 121
/svn/CMPT373-test/!svn/ver/189/CMPT373-Robot/trunk/lib/org/junit/tests/experimental/theories/ParameterSignatureTest.class
END
ParameterSignatureTest.java
K 25
svn:wc:ra_dav:version-url
V 120
/svn/CMPT373-test/!svn/ver/189/CMPT373-Robot/trunk/lib/org/junit/tests/experimental/theories/ParameterSignatureTest.java
END
ParameterizedAssertionErrorTest.java
K 25
svn:wc:ra_dav:version-url
V 129
/svn/CMPT373-test/!svn/ver/189/CMPT373-Robot/trunk/lib/org/junit/tests/experimental/theories/ParameterizedAssertionErrorTest.java
END
