10

dir
237
https://punch.cs.sfu.ca/svn/CMPT373-test/CMPT373-Robot/trunk/lib/org/junit/tests/experimental/theories
https://punch.cs.sfu.ca/svn/CMPT373-test



2011-10-03T23:26:40.344874Z
189
jdc6


svn:special svn:externals svn:needs-lock











e049c1db-a48c-4275-8a34-effe14d82440

AllMembersSupplierTest$HasDataPoints.class
file




2011-10-06T21:06:28.683000Z
6275193e0647c51c037b280186ee7438
2011-10-03T23:26:40.344874Z
189
jdc6
has-props




















849

AllMembersSupplierTest.class
file




2011-10-06T21:06:30.842000Z
26b857abfca9fca3cfeb3fb9ed1ed2f8
2011-10-03T23:26:40.344874Z
189
jdc6
has-props




















1845

AllMembersSupplierTest.java
file




2011-10-06T21:06:29.242000Z
a8a18ccdbae4ee35b0765aebcc3a7c14
2011-10-03T23:26:40.344874Z
189
jdc6





















1037

ParameterSignatureTest.class
file




2011-10-06T21:06:29.226000Z
7af7a78d7a06ccde8720fda8e9f04b0c
2011-10-03T23:26:40.344874Z
189
jdc6
has-props




















2726

ParameterSignatureTest.java
file




2011-10-06T21:06:28.699000Z
2cbbbd283a22481ae3f6730bf2ddf7e9
2011-10-03T23:26:40.344874Z
189
jdc6





















1708

ParameterizedAssertionErrorTest$1.class
file




2011-10-06T21:06:29.255000Z
ac0c1455b6434b280c0764b7f398386c
2011-10-03T23:26:40.344874Z
189
jdc6
has-props




















898

ParameterizedAssertionErrorTest.class
file




2011-10-06T21:06:28.712000Z
438eadc8cb657e3414ae19cc09157617
2011-10-03T23:26:40.344874Z
189
jdc6
has-props




















3221

ParameterizedAssertionErrorTest.java
file




2011-10-06T21:06:30.858000Z
a01618cac0749310e8b45e577599714e
2011-10-03T23:26:40.344874Z
189
jdc6





















2503

extendingwithstubs
dir

runner
dir

